"lap":"18", "system-datetime":"2017-05-11T10:58:56", "event-title":"", , 
"lap":"17 *", "system-datetime":"2017-05-11T10:58:59", "event-title":"", , 
"lap":"16 *", "system-datetime":"2017-05-11T10:59:00", "event-title":"", , 
"lap":"15 *", "system-datetime":"2017-05-11T10:59:02", "event-title":"", , 
"lap":"14", "system-datetime":"2017-05-11T10:59:12", "event-title":"", , 
"lap":"13 *", "system-datetime":"2017-05-11T10:59:15", "event-title":"", , 
"lap":"12 *", "system-datetime":"2017-05-11T10:59:17", "event-title":"", , 
"lap":"11 *", "system-datetime":"2017-05-11T10:59:19", "event-title":"", , 
"lap":"4", "system-datetime":"2017-05-11T13:45:52", "event-title":"4 Lap Wheel Race Final", , 
"lap":"0", "system-datetime":"2017-05-11T13:59:11", "event-title":"4 Lap Wheel Race Final", , 
"lap":"4", "system-datetime":"2017-05-11T14:01:09", "event-title":"4 Lap Wheel Race Final", , 
"lap":"30", "system-datetime":"2017-05-11T14:01:59", "event-title":"Women 30 Lap Points (sprint every ten)", , 
"lap":"50", "system-datetime":"2017-05-11T14:04:17", "event-title":"Cat. A/B 50 Lap Points (sprint every ten)", , 
"lap":"8", "system-datetime":"2017-05-11T14:12:17", "event-title":"Women 8 Lap Scratch", , 
"lap":"7", "system-datetime":"2017-05-11T14:13:36", "event-title":"Cat. B/C 8 Lap Scratch", , 
"lap":"8", "system-datetime":"2017-05-11T14:15:32", "event-title":"Cat. A/B 8 Lap Scratch", , 
"lap":"-1", "system-datetime":"2017-05-11T14:23:58", "event-title":"Women Win and Out", , 
"lap":"8", "system-datetime":"2017-05-11T14:24:52", "event-title":"Cat. A/B 8 Lap Scratch", , 
"lap":"-1", "system-datetime":"2017-05-11T14:25:20", "event-title":"Women Win and Out", , 
"lap":"8", "system-datetime":"2017-05-11T14:25:56", "event-title":"Cat. A/B 8 Lap Scratch", , 
"lap":"7", "system-datetime":"2017-05-11T14:27:16", "event-title":"Cat. A/B 8 Lap Scratch", , 
"lap":"8", "system-datetime":"2017-05-11T14:27:37", "event-title":"Cat. A/B 8 Lap Scratch", , 
